{"level":"error","message":"[POST] /api/v1/employees - Status: 422 - Error: \"email\" must be a valid email, \"phone\" length must be at least 10 characters long, \"salary\" must be a positive number, \"hireDate\" must be in ISO 8601 date format","timestamp":"2026-06-12 23:26:45"}
{"level":"info","message":"🚀 Production Ready Engine active on port 5000 [ENV: development]","timestamp":"2026-06-12 23:38:43"}
{"level":"info","message":"🚀 Production Ready Engine active on port 5000 [ENV: development]","timestamp":"2026-06-12 23:39:09"}
{"level":"info","message":"🚀 Production Ready Engine active on port 5000 [ENV: development]","timestamp":"2026-06-12 23:39:16"}
{"level":"info","message":"⚡ Cron Scheduler executing automated system report...","timestamp":"2026-06-12 23:40:00"}
{"level":"info","message":"⚡ Cron Scheduler executing automated system report...","timestamp":"2026-06-12 23:40:00"}
{"level":"info","message":"📧 Notification email compiled and dispatched successfully.","timestamp":"2026-06-12 23:40:00"}
{"level":"info","message":"📧 Notification email compiled and dispatched successfully.","timestamp":"2026-06-12 23:40:00"}
{"level":"info","message":"⚡ Cron Scheduler executing automated system report...","timestamp":"2026-06-12 23:41:00"}
{"level":"info","message":"⚡ Cron Scheduler executing automated system report...","timestamp":"2026-06-12 23:41:00"}
{"level":"info","message":"📧 Notification email compiled and dispatched successfully.","timestamp":"2026-06-12 23:41:00"}
{"level":"info","message":"📧 Notification email compiled and dispatched successfully.","timestamp":"2026-06-12 23:41:00"}
{"level":"error","message":"[POST] /api/v1/employees/upload-asset - Status: 404 - Error: The requested API route path does not exist.","timestamp":"2026-06-12 23:41:57"}
{"level":"info","message":"⚡ Cron Scheduler executing automated system report...","timestamp":"2026-06-12 23:42:00"}
{"level":"info","message":"⚡ Cron Scheduler executing automated system report...","timestamp":"2026-06-12 23:42:00"}
{"level":"info","message":"📧 Notification email compiled and dispatched successfully.","timestamp":"2026-06-12 23:42:00"}
{"level":"info","message":"📧 Notification email compiled and dispatched successfully.","timestamp":"2026-06-12 23:42:00"}
{"level":"info","message":"⚡ Cron Scheduler executing automated system report...","timestamp":"2026-06-12 23:43:00"}
{"level":"info","message":"📧 Notification email compiled and dispatched successfully.","timestamp":"2026-06-12 23:43:00"}
{"level":"info","message":"⚡ Cron Scheduler executing automated system report...","timestamp":"2026-06-12 23:43:00"}
{"level":"info","message":"📧 Notification email compiled and dispatched successfully.","timestamp":"2026-06-12 23:43:00"}
{"level":"error","message":"[POST] /api/v1/employees/upload-asset - Status: 404 - Error: The requested API route path does not exist.","timestamp":"2026-06-12 23:43:16"}
{"level":"error","message":"[POST] /api/v1/employees/upload-asset - Status: 404 - Error: The requested API route path does not exist.","timestamp":"2026-06-12 23:43:19"}
{"level":"info","message":"⚡ Cron Scheduler executing automated system report...","timestamp":"2026-06-12 23:44:00"}
{"level":"info","message":"📧 Notification email compiled and dispatched successfully.","timestamp":"2026-06-12 23:44:00"}
{"level":"info","message":"⚡ Cron Scheduler executing automated system report...","timestamp":"2026-06-12 23:44:00"}
{"level":"info","message":"📧 Notification email compiled and dispatched successfully.","timestamp":"2026-06-12 23:44:00"}
{"level":"error","message":"[POST] /api/v1/employees/upload-asset - Status: 404 - Error: The requested API route path does not exist.","timestamp":"2026-06-12 23:44:05"}
{"level":"info","message":"⚡ Cron Scheduler executing automated system report...","timestamp":"2026-06-12 23:45:00"}
{"level":"info","message":"⚡ Cron Scheduler executing automated system report...","timestamp":"2026-06-12 23:45:00"}
{"level":"info","message":"📧 Notification email compiled and dispatched successfully.","timestamp":"2026-06-12 23:45:00"}
{"level":"info","message":"📧 Notification email compiled and dispatched successfully.","timestamp":"2026-06-12 23:45:00"}
{"level":"info","message":"🚀 Production Ready Engine active on port 5000 [ENV: development]","timestamp":"2026-06-12 23:45:18"}
{"level":"error","message":"[POST] /api/v1/employees/upload-asset - Status: 404 - Error: The requested API route path does not exist.","timestamp":"2026-06-12 23:45:28"}
{"level":"info","message":"⚡ Cron Scheduler executing automated system report...","timestamp":"2026-06-12 23:46:00"}
{"level":"info","message":"⚡ Cron Scheduler executing automated system report...","timestamp":"2026-06-12 23:46:00"}
{"level":"info","message":"⚡ Cron Scheduler executing automated system report...","timestamp":"2026-06-12 23:46:00"}
{"level":"info","message":"📧 Notification email compiled and dispatched successfully.","timestamp":"2026-06-12 23:46:00"}
{"level":"info","message":"📧 Notification email compiled and dispatched successfully.","timestamp":"2026-06-12 23:46:00"}
{"level":"info","message":"📧 Notification email compiled and dispatched successfully.","timestamp":"2026-06-12 23:46:00"}
{"level":"error","message":"[POST] /api/v1/employees/upload-asset - Status: 404 - Error: The requested API route path does not exist.","timestamp":"2026-06-12 23:46:15"}
{"level":"error","message":"[POST] /api/v1/employees/upload-asset - Status: 404 - Error: The requested API route path does not exist.","timestamp":"2026-06-12 23:46:16"}
{"level":"error","message":"[POST] /api/v1/employees/upload-asset - Status: 404 - Error: The requested API route path does not exist.","timestamp":"2026-06-12 23:46:17"}
{"level":"error","message":"[POST] /api/v1/employees/upload-asset - Status: 404 - Error: The requested API route path does not exist.","timestamp":"2026-06-12 23:46:17"}
{"level":"error","message":"[POST] /api/v1/employees/upload-asset - Status: 404 - Error: The requested API route path does not exist.","timestamp":"2026-06-12 23:46:17"}
{"level":"error","message":"[POST] /api/v1/employees/upload-asset - Status: 404 - Error: The requested API route path does not exist.","timestamp":"2026-06-12 23:46:18"}
{"level":"info","message":"⚡ Cron Scheduler executing automated system report...","timestamp":"2026-06-12 23:47:00"}
{"level":"info","message":"⚡ Cron Scheduler executing automated system report...","timestamp":"2026-06-12 23:47:00"}
{"level":"info","message":"⚡ Cron Scheduler executing automated system report...","timestamp":"2026-06-12 23:47:00"}
{"level":"info","message":"📧 Notification email compiled and dispatched successfully.","timestamp":"2026-06-12 23:47:00"}
{"level":"info","message":"📧 Notification email compiled and dispatched successfully.","timestamp":"2026-06-12 23:47:00"}
{"level":"info","message":"📧 Notification email compiled and dispatched successfully.","timestamp":"2026-06-12 23:47:00"}
{"level":"info","message":"⚡ Cron Scheduler executing automated system report...","timestamp":"2026-06-12 23:48:00"}
{"level":"info","message":"⚡ Cron Scheduler executing automated system report...","timestamp":"2026-06-12 23:48:00"}
{"level":"info","message":"⚡ Cron Scheduler executing automated system report...","timestamp":"2026-06-12 23:48:00"}
{"level":"info","message":"📧 Notification email compiled and dispatched successfully.","timestamp":"2026-06-12 23:48:00"}
{"level":"info","message":"📧 Notification email compiled and dispatched successfully.","timestamp":"2026-06-12 23:48:00"}
{"level":"info","message":"📧 Notification email compiled and dispatched successfully.","timestamp":"2026-06-12 23:48:00"}
{"level":"info","message":"⚡ Cron Scheduler executing automated system report...","timestamp":"2026-06-12 23:49:00"}
{"level":"info","message":"⚡ Cron Scheduler executing automated system report...","timestamp":"2026-06-12 23:49:00"}
{"level":"info","message":"⚡ Cron Scheduler executing automated system report...","timestamp":"2026-06-12 23:49:00"}
{"level":"info","message":"📧 Notification email compiled and dispatched successfully.","timestamp":"2026-06-12 23:49:00"}
{"level":"info","message":"📧 Notification email compiled and dispatched successfully.","timestamp":"2026-06-12 23:49:00"}
{"level":"info","message":"📧 Notification email compiled and dispatched successfully.","timestamp":"2026-06-12 23:49:00"}
{"level":"info","message":"⚡ Cron Scheduler executing automated system report...","timestamp":"2026-06-12 23:50:00"}
{"level":"info","message":"⚡ Cron Scheduler executing automated system report...","timestamp":"2026-06-12 23:50:00"}
{"level":"info","message":"⚡ Cron Scheduler executing automated system report...","timestamp":"2026-06-12 23:50:00"}
{"level":"info","message":"📧 Notification email compiled and dispatched successfully.","timestamp":"2026-06-12 23:50:00"}
{"level":"info","message":"📧 Notification email compiled and dispatched successfully.","timestamp":"2026-06-12 23:50:00"}
{"level":"info","message":"📧 Notification email compiled and dispatched successfully.","timestamp":"2026-06-12 23:50:00"}
{"level":"info","message":"⚡ Cron Scheduler executing automated system report...","timestamp":"2026-06-12 23:51:00"}
{"level":"info","message":"⚡ Cron Scheduler executing automated system report...","timestamp":"2026-06-12 23:51:00"}
{"level":"info","message":"⚡ Cron Scheduler executing automated system report...","timestamp":"2026-06-12 23:51:00"}
{"level":"info","message":"📧 Notification email compiled and dispatched successfully.","timestamp":"2026-06-12 23:51:00"}
{"level":"info","message":"📧 Notification email compiled and dispatched successfully.","timestamp":"2026-06-12 23:51:00"}
{"level":"info","message":"📧 Notification email compiled and dispatched successfully.","timestamp":"2026-06-12 23:51:00"}
{"level":"info","message":"⚡ Cron Scheduler executing automated system report...","timestamp":"2026-06-12 23:52:00"}
{"level":"info","message":"⚡ Cron Scheduler executing automated system report...","timestamp":"2026-06-12 23:52:00"}
{"level":"info","message":"⚡ Cron Scheduler executing automated system report...","timestamp":"2026-06-12 23:52:00"}
{"level":"info","message":"📧 Notification email compiled and dispatched successfully.","timestamp":"2026-06-12 23:52:00"}
{"level":"info","message":"📧 Notification email compiled and dispatched successfully.","timestamp":"2026-06-12 23:52:00"}
{"level":"info","message":"📧 Notification email compiled and dispatched successfully.","timestamp":"2026-06-12 23:52:00"}
{"level":"info","message":"⚡ Cron Scheduler executing automated system report...","timestamp":"2026-06-12 23:53:00"}
{"level":"info","message":"⚡ Cron Scheduler executing automated system report...","timestamp":"2026-06-12 23:53:00"}
{"level":"info","message":"📧 Notification email compiled and dispatched successfully.","timestamp":"2026-06-12 23:53:00"}
{"level":"info","message":"📧 Notification email compiled and dispatched successfully.","timestamp":"2026-06-12 23:53:00"}
{"level":"info","message":"⚡ Cron Scheduler executing automated system report...","timestamp":"2026-06-12 23:53:00"}
{"level":"info","message":"📧 Notification email compiled and dispatched successfully.","timestamp":"2026-06-12 23:53:00"}
{"level":"info","message":"⚡ Cron Scheduler executing automated system report...","timestamp":"2026-06-12 23:54:00"}
{"level":"info","message":"⚡ Cron Scheduler executing automated system report...","timestamp":"2026-06-12 23:54:00"}
{"level":"info","message":"⚡ Cron Scheduler executing automated system report...","timestamp":"2026-06-12 23:54:00"}
{"level":"info","message":"📧 Notification email compiled and dispatched successfully.","timestamp":"2026-06-12 23:54:00"}
{"level":"info","message":"📧 Notification email compiled and dispatched successfully.","timestamp":"2026-06-12 23:54:00"}
{"level":"info","message":"📧 Notification email compiled and dispatched successfully.","timestamp":"2026-06-12 23:54:00"}
{"level":"info","message":"⚡ Cron Scheduler executing automated system report...","timestamp":"2026-06-12 23:55:00"}
{"level":"info","message":"⚡ Cron Scheduler executing automated system report...","timestamp":"2026-06-12 23:55:00"}
{"level":"info","message":"⚡ Cron Scheduler executing automated system report...","timestamp":"2026-06-12 23:55:00"}
{"level":"info","message":"📧 Notification email compiled and dispatched successfully.","timestamp":"2026-06-12 23:55:00"}
{"level":"info","message":"📧 Notification email compiled and dispatched successfully.","timestamp":"2026-06-12 23:55:00"}
{"level":"info","message":"📧 Notification email compiled and dispatched successfully.","timestamp":"2026-06-12 23:55:00"}
{"level":"info","message":"⚡ Cron Scheduler executing automated system report...","timestamp":"2026-06-12 23:56:00"}
{"level":"info","message":"⚡ Cron Scheduler executing automated system report...","timestamp":"2026-06-12 23:56:00"}
{"level":"info","message":"⚡ Cron Scheduler executing automated system report...","timestamp":"2026-06-12 23:56:00"}
{"level":"info","message":"📧 Notification email compiled and dispatched successfully.","timestamp":"2026-06-12 23:56:00"}
{"level":"info","message":"📧 Notification email compiled and dispatched successfully.","timestamp":"2026-06-12 23:56:00"}
{"level":"info","message":"📧 Notification email compiled and dispatched successfully.","timestamp":"2026-06-12 23:56:00"}
{"level":"info","message":"⚡ Cron Scheduler executing automated system report...","timestamp":"2026-06-12 23:57:00"}
{"level":"info","message":"📧 Notification email compiled and dispatched successfully.","timestamp":"2026-06-12 23:57:00"}
{"level":"info","message":"⚡ Cron Scheduler executing automated system report...","timestamp":"2026-06-12 23:57:00"}
{"level":"info","message":"⚡ Cron Scheduler executing automated system report...","timestamp":"2026-06-12 23:57:00"}
{"level":"info","message":"📧 Notification email compiled and dispatched successfully.","timestamp":"2026-06-12 23:57:00"}
{"level":"info","message":"📧 Notification email compiled and dispatched successfully.","timestamp":"2026-06-12 23:57:00"}
{"level":"info","message":"⚡ Cron Scheduler executing automated system report...","timestamp":"2026-06-12 23:58:00"}
{"level":"info","message":"⚡ Cron Scheduler executing automated system report...","timestamp":"2026-06-12 23:58:00"}
{"level":"info","message":"⚡ Cron Scheduler executing automated system report...","timestamp":"2026-06-12 23:58:00"}
{"level":"info","message":"📧 Notification email compiled and dispatched successfully.","timestamp":"2026-06-12 23:58:00"}
{"level":"info","message":"📧 Notification email compiled and dispatched successfully.","timestamp":"2026-06-12 23:58:00"}
{"level":"info","message":"📧 Notification email compiled and dispatched successfully.","timestamp":"2026-06-12 23:58:00"}
{"level":"info","message":"⚡ Cron Scheduler executing automated system report...","timestamp":"2026-06-12 23:59:00"}
{"level":"info","message":"⚡ Cron Scheduler executing automated system report...","timestamp":"2026-06-12 23:59:00"}
{"level":"info","message":"⚡ Cron Scheduler executing automated system report...","timestamp":"2026-06-12 23:59:00"}
{"level":"info","message":"📧 Notification email compiled and dispatched successfully.","timestamp":"2026-06-12 23:59:00"}
{"level":"info","message":"📧 Notification email compiled and dispatched successfully.","timestamp":"2026-06-12 23:59:00"}
{"level":"info","message":"📧 Notification email compiled and dispatched successfully.","timestamp":"2026-06-12 23:59:00"}
{"level":"info","message":"⚡ Cron Scheduler executing automated system report...","timestamp":"2026-06-13 00:00:00"}
{"level":"info","message":"⚡ Cron Scheduler executing automated system report...","timestamp":"2026-06-13 00:00:00"}
{"level":"info","message":"⚡ Cron Scheduler executing automated system report...","timestamp":"2026-06-13 00:00:00"}
{"level":"info","message":"📧 Notification email compiled and dispatched successfully.","timestamp":"2026-06-13 00:00:00"}
{"level":"info","message":"📧 Notification email compiled and dispatched successfully.","timestamp":"2026-06-13 00:00:00"}
{"level":"info","message":"📧 Notification email compiled and dispatched successfully.","timestamp":"2026-06-13 00:00:00"}
{"level":"info","message":"⚡ Cron Scheduler executing automated system report...","timestamp":"2026-06-13 00:01:00"}
{"level":"info","message":"📧 Notification email compiled and dispatched successfully.","timestamp":"2026-06-13 00:01:00"}
{"level":"info","message":"⚡ Cron Scheduler executing automated system report...","timestamp":"2026-06-13 00:01:00"}
{"level":"info","message":"⚡ Cron Scheduler executing automated system report...","timestamp":"2026-06-13 00:01:00"}
{"level":"info","message":"📧 Notification email compiled and dispatched successfully.","timestamp":"2026-06-13 00:01:00"}
{"level":"info","message":"📧 Notification email compiled and dispatched successfully.","timestamp":"2026-06-13 00:01:00"}
{"level":"info","message":"⚡ Cron Scheduler executing automated system report...","timestamp":"2026-06-13 00:02:00"}
{"level":"info","message":"⚡ Cron Scheduler executing automated system report...","timestamp":"2026-06-13 00:02:00"}
{"level":"info","message":"⚡ Cron Scheduler executing automated system report...","timestamp":"2026-06-13 00:02:00"}
{"level":"info","message":"📧 Notification email compiled and dispatched successfully.","timestamp":"2026-06-13 00:02:00"}
{"level":"info","message":"📧 Notification email compiled and dispatched successfully.","timestamp":"2026-06-13 00:02:00"}
{"level":"info","message":"📧 Notification email compiled and dispatched successfully.","timestamp":"2026-06-13 00:02:00"}
{"level":"info","message":"⚡ Cron Scheduler executing automated system report...","timestamp":"2026-06-13 00:03:00"}
{"level":"info","message":"⚡ Cron Scheduler executing automated system report...","timestamp":"2026-06-13 00:03:00"}
{"level":"info","message":"⚡ Cron Scheduler executing automated system report...","timestamp":"2026-06-13 00:03:00"}
{"level":"info","message":"📧 Notification email compiled and dispatched successfully.","timestamp":"2026-06-13 00:03:00"}
{"level":"info","message":"📧 Notification email compiled and dispatched successfully.","timestamp":"2026-06-13 00:03:00"}
{"level":"info","message":"📧 Notification email compiled and dispatched successfully.","timestamp":"2026-06-13 00:03:00"}
{"level":"info","message":"⚡ Cron Scheduler executing automated system report...","timestamp":"2026-06-13 00:04:00"}
{"level":"info","message":"⚡ Cron Scheduler executing automated system report...","timestamp":"2026-06-13 00:04:00"}
{"level":"info","message":"⚡ Cron Scheduler executing automated system report...","timestamp":"2026-06-13 00:04:00"}
{"level":"info","message":"📧 Notification email compiled and dispatched successfully.","timestamp":"2026-06-13 00:04:00"}
{"level":"info","message":"📧 Notification email compiled and dispatched successfully.","timestamp":"2026-06-13 00:04:00"}
{"level":"info","message":"📧 Notification email compiled and dispatched successfully.","timestamp":"2026-06-13 00:04:00"}
{"level":"info","message":"⚡ Cron Scheduler executing automated system report...","timestamp":"2026-06-13 00:05:00"}
{"level":"info","message":"⚡ Cron Scheduler executing automated system report...","timestamp":"2026-06-13 00:05:00"}
{"level":"info","message":"📧 Notification email compiled and dispatched successfully.","timestamp":"2026-06-13 00:05:00"}
{"level":"info","message":"📧 Notification email compiled and dispatched successfully.","timestamp":"2026-06-13 00:05:00"}
{"level":"info","message":"⚡ Cron Scheduler executing automated system report...","timestamp":"2026-06-13 00:05:00"}
{"level":"info","message":"📧 Notification email compiled and dispatched successfully.","timestamp":"2026-06-13 00:05:00"}
{"level":"info","message":"⚡ Cron Scheduler executing automated system report...","timestamp":"2026-06-13 00:06:00"}
{"level":"info","message":"⚡ Cron Scheduler executing automated system report...","timestamp":"2026-06-13 00:06:00"}
{"level":"info","message":"⚡ Cron Scheduler executing automated system report...","timestamp":"2026-06-13 00:06:00"}
{"level":"info","message":"📧 Notification email compiled and dispatched successfully.","timestamp":"2026-06-13 00:06:00"}
{"level":"info","message":"📧 Notification email compiled and dispatched successfully.","timestamp":"2026-06-13 00:06:00"}
{"level":"info","message":"📧 Notification email compiled and dispatched successfully.","timestamp":"2026-06-13 00:06:00"}
{"level":"info","message":"⚡ Cron Scheduler executing automated system report...","timestamp":"2026-06-13 00:07:00"}
{"level":"info","message":"⚡ Cron Scheduler executing automated system report...","timestamp":"2026-06-13 00:07:00"}
{"level":"info","message":"📧 Notification email compiled and dispatched successfully.","timestamp":"2026-06-13 00:07:00"}
{"level":"info","message":"⚡ Cron Scheduler executing automated system report...","timestamp":"2026-06-13 00:07:00"}
{"level":"info","message":"📧 Notification email compiled and dispatched successfully.","timestamp":"2026-06-13 00:07:00"}
{"level":"info","message":"📧 Notification email compiled and dispatched successfully.","timestamp":"2026-06-13 00:07:00"}
{"level":"info","message":"⚡ Cron Scheduler executing automated system report...","timestamp":"2026-06-13 00:08:00"}
{"level":"info","message":"📧 Notification email compiled and dispatched successfully.","timestamp":"2026-06-13 00:08:00"}
{"level":"info","message":"⚡ Cron Scheduler executing automated system report...","timestamp":"2026-06-13 00:08:00"}
{"level":"info","message":"⚡ Cron Scheduler executing automated system report...","timestamp":"2026-06-13 00:08:00"}
{"level":"info","message":"📧 Notification email compiled and dispatched successfully.","timestamp":"2026-06-13 00:08:00"}
{"level":"info","message":"📧 Notification email compiled and dispatched successfully.","timestamp":"2026-06-13 00:08:00"}
{"level":"info","message":"⚡ Cron Scheduler executing automated system report...","timestamp":"2026-06-13 00:09:00"}
{"level":"info","message":"⚡ Cron Scheduler executing automated system report...","timestamp":"2026-06-13 00:09:00"}
{"level":"info","message":"📧 Notification email compiled and dispatched successfully.","timestamp":"2026-06-13 00:09:00"}
{"level":"info","message":"📧 Notification email compiled and dispatched successfully.","timestamp":"2026-06-13 00:09:00"}
{"level":"info","message":"⚡ Cron Scheduler executing automated system report...","timestamp":"2026-06-13 00:09:00"}
{"level":"info","message":"📧 Notification email compiled and dispatched successfully.","timestamp":"2026-06-13 00:09:00"}
{"level":"info","message":"⚡ Cron Scheduler executing automated system report...","timestamp":"2026-06-13 00:10:00"}
{"level":"info","message":"📧 Notification email compiled and dispatched successfully.","timestamp":"2026-06-13 00:10:00"}
{"level":"info","message":"⚡ Cron Scheduler executing automated system report...","timestamp":"2026-06-13 00:10:00"}
{"level":"info","message":"⚡ Cron Scheduler executing automated system report...","timestamp":"2026-06-13 00:10:00"}
{"level":"info","message":"📧 Notification email compiled and dispatched successfully.","timestamp":"2026-06-13 00:10:00"}
{"level":"info","message":"📧 Notification email compiled and dispatched successfully.","timestamp":"2026-06-13 00:10:00"}
{"level":"info","message":"⚡ Cron Scheduler executing automated system report...","timestamp":"2026-06-13 00:11:00"}
{"level":"info","message":"⚡ Cron Scheduler executing automated system report...","timestamp":"2026-06-13 00:11:00"}
{"level":"info","message":"⚡ Cron Scheduler executing automated system report...","timestamp":"2026-06-13 00:11:00"}
{"level":"info","message":"📧 Notification email compiled and dispatched successfully.","timestamp":"2026-06-13 00:11:00"}
{"level":"info","message":"📧 Notification email compiled and dispatched successfully.","timestamp":"2026-06-13 00:11:00"}
{"level":"info","message":"📧 Notification email compiled and dispatched successfully.","timestamp":"2026-06-13 00:11:00"}
{"level":"info","message":"⚡ Cron Scheduler executing automated system report...","timestamp":"2026-06-13 00:12:00"}
{"level":"info","message":"⚡ Cron Scheduler executing automated system report...","timestamp":"2026-06-13 00:12:00"}
{"level":"info","message":"📧 Notification email compiled and dispatched successfully.","timestamp":"2026-06-13 00:12:00"}
{"level":"info","message":"📧 Notification email compiled and dispatched successfully.","timestamp":"2026-06-13 00:12:00"}
{"level":"info","message":"⚡ Cron Scheduler executing automated system report...","timestamp":"2026-06-13 00:12:00"}
{"level":"info","message":"📧 Notification email compiled and dispatched successfully.","timestamp":"2026-06-13 00:12:00"}
{"level":"info","message":"⚡ Cron Scheduler executing automated system report...","timestamp":"2026-06-13 00:13:00"}
{"level":"info","message":"📧 Notification email compiled and dispatched successfully.","timestamp":"2026-06-13 00:13:00"}
{"level":"info","message":"⚡ Cron Scheduler executing automated system report...","timestamp":"2026-06-13 00:13:00"}
{"level":"info","message":"⚡ Cron Scheduler executing automated system report...","timestamp":"2026-06-13 00:13:00"}
{"level":"info","message":"📧 Notification email compiled and dispatched successfully.","timestamp":"2026-06-13 00:13:00"}
{"level":"info","message":"📧 Notification email compiled and dispatched successfully.","timestamp":"2026-06-13 00:13:00"}
{"level":"info","message":"⚡ Cron Scheduler executing automated system report...","timestamp":"2026-06-13 00:14:00"}
{"level":"info","message":"📧 Notification email compiled and dispatched successfully.","timestamp":"2026-06-13 00:14:00"}
{"level":"info","message":"⚡ Cron Scheduler executing automated system report...","timestamp":"2026-06-13 00:14:00"}
{"level":"info","message":"⚡ Cron Scheduler executing automated system report...","timestamp":"2026-06-13 00:14:00"}
{"level":"info","message":"📧 Notification email compiled and dispatched successfully.","timestamp":"2026-06-13 00:14:00"}
{"level":"info","message":"📧 Notification email compiled and dispatched successfully.","timestamp":"2026-06-13 00:14:00"}
{"level":"info","message":"⚡ Cron Scheduler executing automated system report...","timestamp":"2026-06-13 00:15:00"}
{"level":"info","message":"⚡ Cron Scheduler executing automated system report...","timestamp":"2026-06-13 00:15:00"}
{"level":"info","message":"⚡ Cron Scheduler executing automated system report...","timestamp":"2026-06-13 00:15:00"}
{"level":"info","message":"📧 Notification email compiled and dispatched successfully.","timestamp":"2026-06-13 00:15:00"}
{"level":"info","message":"📧 Notification email compiled and dispatched successfully.","timestamp":"2026-06-13 00:15:00"}
{"level":"info","message":"📧 Notification email compiled and dispatched successfully.","timestamp":"2026-06-13 00:15:00"}
{"level":"info","message":"⚡ Cron Scheduler executing automated system report...","timestamp":"2026-06-13 00:16:00"}
{"level":"info","message":"⚡ Cron Scheduler executing automated system report...","timestamp":"2026-06-13 00:16:00"}
{"level":"info","message":"📧 Notification email compiled and dispatched successfully.","timestamp":"2026-06-13 00:16:00"}
{"level":"info","message":"📧 Notification email compiled and dispatched successfully.","timestamp":"2026-06-13 00:16:00"}
{"level":"info","message":"⚡ Cron Scheduler executing automated system report...","timestamp":"2026-06-13 00:16:00"}
{"level":"info","message":"📧 Notification email compiled and dispatched successfully.","timestamp":"2026-06-13 00:16:00"}
{"level":"info","message":"⚡ Cron Scheduler executing automated system report...","timestamp":"2026-06-13 00:17:00"}
{"level":"info","message":"📧 Notification email compiled and dispatched successfully.","timestamp":"2026-06-13 00:17:00"}
{"level":"info","message":"⚡ Cron Scheduler executing automated system report...","timestamp":"2026-06-13 00:17:00"}
{"level":"info","message":"⚡ Cron Scheduler executing automated system report...","timestamp":"2026-06-13 00:17:00"}
{"level":"info","message":"📧 Notification email compiled and dispatched successfully.","timestamp":"2026-06-13 00:17:00"}
{"level":"info","message":"📧 Notification email compiled and dispatched successfully.","timestamp":"2026-06-13 00:17:00"}
{"level":"info","message":"⚡ Cron Scheduler executing automated system report...","timestamp":"2026-06-13 00:18:00"}
{"level":"info","message":"⚡ Cron Scheduler executing automated system report...","timestamp":"2026-06-13 00:18:00"}
{"level":"info","message":"⚡ Cron Scheduler executing automated system report...","timestamp":"2026-06-13 00:18:00"}
{"level":"info","message":"📧 Notification email compiled and dispatched successfully.","timestamp":"2026-06-13 00:18:00"}
{"level":"info","message":"📧 Notification email compiled and dispatched successfully.","timestamp":"2026-06-13 00:18:00"}
{"level":"info","message":"📧 Notification email compiled and dispatched successfully.","timestamp":"2026-06-13 00:18:00"}
{"level":"info","message":"⚡ Cron Scheduler executing automated system report...","timestamp":"2026-06-13 00:19:00"}
{"level":"info","message":"⚡ Cron Scheduler executing automated system report...","timestamp":"2026-06-13 00:19:00"}
{"level":"info","message":"⚡ Cron Scheduler executing automated system report...","timestamp":"2026-06-13 00:19:00"}
{"level":"info","message":"📧 Notification email compiled and dispatched successfully.","timestamp":"2026-06-13 00:19:00"}
{"level":"info","message":"📧 Notification email compiled and dispatched successfully.","timestamp":"2026-06-13 00:19:00"}
{"level":"info","message":"📧 Notification email compiled and dispatched successfully.","timestamp":"2026-06-13 00:19:00"}
{"level":"info","message":"⚡ Cron Scheduler executing automated system report...","timestamp":"2026-06-13 00:20:00"}
{"level":"info","message":"⚡ Cron Scheduler executing automated system report...","timestamp":"2026-06-13 00:20:00"}
{"level":"info","message":"⚡ Cron Scheduler executing automated system report...","timestamp":"2026-06-13 00:20:00"}
{"level":"info","message":"📧 Notification email compiled and dispatched successfully.","timestamp":"2026-06-13 00:20:00"}
{"level":"info","message":"📧 Notification email compiled and dispatched successfully.","timestamp":"2026-06-13 00:20:00"}
{"level":"info","message":"📧 Notification email compiled and dispatched successfully.","timestamp":"2026-06-13 00:20:00"}
{"level":"info","message":"⚡ Cron Scheduler executing automated system report...","timestamp":"2026-06-13 00:21:00"}
{"level":"info","message":"⚡ Cron Scheduler executing automated system report...","timestamp":"2026-06-13 00:21:00"}
{"level":"info","message":"⚡ Cron Scheduler executing automated system report...","timestamp":"2026-06-13 00:21:00"}
{"level":"info","message":"📧 Notification email compiled and dispatched successfully.","timestamp":"2026-06-13 00:21:00"}
{"level":"info","message":"📧 Notification email compiled and dispatched successfully.","timestamp":"2026-06-13 00:21:00"}
{"level":"info","message":"📧 Notification email compiled and dispatched successfully.","timestamp":"2026-06-13 00:21:00"}
{"level":"info","message":"⚡ Cron Scheduler executing automated system report...","timestamp":"2026-06-13 00:22:00"}
{"level":"info","message":"⚡ Cron Scheduler executing automated system report...","timestamp":"2026-06-13 00:22:00"}
{"level":"info","message":"⚡ Cron Scheduler executing automated system report...","timestamp":"2026-06-13 00:22:00"}
{"level":"info","message":"📧 Notification email compiled and dispatched successfully.","timestamp":"2026-06-13 00:22:00"}
{"level":"info","message":"📧 Notification email compiled and dispatched successfully.","timestamp":"2026-06-13 00:22:00"}
{"level":"info","message":"📧 Notification email compiled and dispatched successfully.","timestamp":"2026-06-13 00:22:00"}
{"level":"info","message":"⚡ Cron Scheduler executing automated system report...","timestamp":"2026-06-13 00:23:00"}
{"level":"info","message":"⚡ Cron Scheduler executing automated system report...","timestamp":"2026-06-13 00:23:00"}
{"level":"info","message":"⚡ Cron Scheduler executing automated system report...","timestamp":"2026-06-13 00:23:00"}
{"level":"info","message":"📧 Notification email compiled and dispatched successfully.","timestamp":"2026-06-13 00:23:00"}
{"level":"info","message":"📧 Notification email compiled and dispatched successfully.","timestamp":"2026-06-13 00:23:00"}
{"level":"info","message":"📧 Notification email compiled and dispatched successfully.","timestamp":"2026-06-13 00:23:00"}
{"level":"info","message":"⚡ Cron Scheduler executing automated system report...","timestamp":"2026-06-13 00:24:00"}
{"level":"info","message":"⚡ Cron Scheduler executing automated system report...","timestamp":"2026-06-13 00:24:00"}
{"level":"info","message":"⚡ Cron Scheduler executing automated system report...","timestamp":"2026-06-13 00:24:00"}
{"level":"info","message":"📧 Notification email compiled and dispatched successfully.","timestamp":"2026-06-13 00:24:00"}
{"level":"info","message":"📧 Notification email compiled and dispatched successfully.","timestamp":"2026-06-13 00:24:00"}
{"level":"info","message":"📧 Notification email compiled and dispatched successfully.","timestamp":"2026-06-13 00:24:00"}
{"level":"info","message":"⚡ Cron Scheduler executing automated system report...","timestamp":"2026-06-13 00:25:00"}
{"level":"info","message":"⚡ Cron Scheduler executing automated system report...","timestamp":"2026-06-13 00:25:00"}
{"level":"info","message":"⚡ Cron Scheduler executing automated system report...","timestamp":"2026-06-13 00:25:00"}
{"level":"info","message":"📧 Notification email compiled and dispatched successfully.","timestamp":"2026-06-13 00:25:00"}
{"level":"info","message":"📧 Notification email compiled and dispatched successfully.","timestamp":"2026-06-13 00:25:00"}
{"level":"info","message":"📧 Notification email compiled and dispatched successfully.","timestamp":"2026-06-13 00:25:00"}
{"level":"info","message":"⚡ Cron Scheduler executing automated system report...","timestamp":"2026-06-13 00:26:00"}
{"level":"info","message":"⚡ Cron Scheduler executing automated system report...","timestamp":"2026-06-13 00:26:00"}
{"level":"info","message":"⚡ Cron Scheduler executing automated system report...","timestamp":"2026-06-13 00:26:00"}
{"level":"info","message":"📧 Notification email compiled and dispatched successfully.","timestamp":"2026-06-13 00:26:00"}
{"level":"info","message":"📧 Notification email compiled and dispatched successfully.","timestamp":"2026-06-13 00:26:00"}
{"level":"info","message":"📧 Notification email compiled and dispatched successfully.","timestamp":"2026-06-13 00:26:00"}
{"level":"info","message":"⚡ Cron Scheduler executing automated system report...","timestamp":"2026-06-13 00:27:00"}
{"level":"info","message":"📧 Notification email compiled and dispatched successfully.","timestamp":"2026-06-13 00:27:00"}
{"level":"info","message":"⚡ Cron Scheduler executing automated system report...","timestamp":"2026-06-13 00:27:00"}
{"level":"info","message":"⚡ Cron Scheduler executing automated system report...","timestamp":"2026-06-13 00:27:00"}
{"level":"info","message":"📧 Notification email compiled and dispatched successfully.","timestamp":"2026-06-13 00:27:00"}
{"level":"info","message":"📧 Notification email compiled and dispatched successfully.","timestamp":"2026-06-13 00:27:00"}
{"level":"info","message":"⚡ Cron Scheduler executing automated system report...","timestamp":"2026-06-13 00:28:00"}
{"level":"info","message":"📧 Notification email compiled and dispatched successfully.","timestamp":"2026-06-13 00:28:00"}
{"level":"info","message":"⚡ Cron Scheduler executing automated system report...","timestamp":"2026-06-13 00:28:00"}
{"level":"info","message":"⚡ Cron Scheduler executing automated system report...","timestamp":"2026-06-13 00:28:00"}
{"level":"info","message":"📧 Notification email compiled and dispatched successfully.","timestamp":"2026-06-13 00:28:00"}
{"level":"info","message":"📧 Notification email compiled and dispatched successfully.","timestamp":"2026-06-13 00:28:00"}
{"level":"info","message":"⚡ Cron Scheduler executing automated system report...","timestamp":"2026-06-13 00:29:00"}
{"level":"info","message":"⚡ Cron Scheduler executing automated system report...","timestamp":"2026-06-13 00:29:00"}
{"level":"info","message":"📧 Notification email compiled and dispatched successfully.","timestamp":"2026-06-13 00:29:00"}
{"level":"info","message":"📧 Notification email compiled and dispatched successfully.","timestamp":"2026-06-13 00:29:00"}
{"level":"info","message":"⚡ Cron Scheduler executing automated system report...","timestamp":"2026-06-13 00:30:00"}
{"level":"info","message":"📧 Notification email compiled and dispatched successfully.","timestamp":"2026-06-13 00:30:00"}
{"level":"info","message":"⚡ Cron Scheduler executing automated system report...","timestamp":"2026-06-13 00:30:00"}
{"level":"info","message":"📧 Notification email compiled and dispatched successfully.","timestamp":"2026-06-13 00:30:00"}
{"level":"info","message":"⚡ Cron Scheduler executing automated system report...","timestamp":"2026-06-13 00:31:00"}
{"level":"info","message":"📧 Notification email compiled and dispatched successfully.","timestamp":"2026-06-13 00:31:00"}
{"level":"info","message":"⚡ Cron Scheduler executing automated system report...","timestamp":"2026-06-13 00:31:00"}
{"level":"info","message":"📧 Notification email compiled and dispatched successfully.","timestamp":"2026-06-13 00:31:00"}
{"level":"info","message":"⚡ Cron Scheduler executing automated system report...","timestamp":"2026-06-13 00:32:00"}
{"level":"info","message":"📧 Notification email compiled and dispatched successfully.","timestamp":"2026-06-13 00:32:00"}
{"level":"info","message":"⚡ Cron Scheduler executing automated system report...","timestamp":"2026-06-13 00:32:00"}
{"level":"info","message":"📧 Notification email compiled and dispatched successfully.","timestamp":"2026-06-13 00:32:00"}
{"level":"info","message":"⚡ Cron Scheduler executing automated system report...","timestamp":"2026-06-13 00:33:00"}
{"level":"info","message":"⚡ Cron Scheduler executing automated system report...","timestamp":"2026-06-13 00:33:00"}
{"level":"info","message":"📧 Notification email compiled and dispatched successfully.","timestamp":"2026-06-13 00:33:00"}
{"level":"info","message":"📧 Notification email compiled and dispatched successfully.","timestamp":"2026-06-13 00:33:00"}
{"level":"info","message":"⚡ Cron Scheduler executing automated system report...","timestamp":"2026-06-13 00:34:00"}
{"level":"info","message":"⚡ Cron Scheduler executing automated system report...","timestamp":"2026-06-13 00:34:00"}
{"level":"info","message":"📧 Notification email compiled and dispatched successfully.","timestamp":"2026-06-13 00:34:00"}
{"level":"info","message":"📧 Notification email compiled and dispatched successfully.","timestamp":"2026-06-13 00:34:00"}
{"level":"info","message":"⚡ Cron Scheduler executing automated system report...","timestamp":"2026-06-13 00:35:00"}
{"level":"info","message":"⚡ Cron Scheduler executing automated system report...","timestamp":"2026-06-13 00:35:00"}
{"level":"info","message":"📧 Notification email compiled and dispatched successfully.","timestamp":"2026-06-13 00:35:00"}
{"level":"info","message":"📧 Notification email compiled and dispatched successfully.","timestamp":"2026-06-13 00:35:00"}
{"level":"info","message":"⚡ Cron Scheduler executing automated system report...","timestamp":"2026-06-13 00:36:00"}
{"level":"info","message":"⚡ Cron Scheduler executing automated system report...","timestamp":"2026-06-13 00:36:00"}
{"level":"info","message":"📧 Notification email compiled and dispatched successfully.","timestamp":"2026-06-13 00:36:00"}
{"level":"info","message":"📧 Notification email compiled and dispatched successfully.","timestamp":"2026-06-13 00:36:00"}
{"level":"info","message":"⚡ Cron Scheduler executing automated system report...","timestamp":"2026-06-13 00:37:00"}
{"level":"info","message":"📧 Notification email compiled and dispatched successfully.","timestamp":"2026-06-13 00:37:00"}
{"level":"info","message":"⚡ Cron Scheduler executing automated system report...","timestamp":"2026-06-13 00:37:00"}
{"level":"info","message":"📧 Notification email compiled and dispatched successfully.","timestamp":"2026-06-13 00:37:00"}
{"level":"info","message":"⚡ Cron Scheduler executing automated system report...","timestamp":"2026-06-13 00:38:00"}
{"level":"info","message":"📧 Notification email compiled and dispatched successfully.","timestamp":"2026-06-13 00:38:00"}
{"level":"info","message":"⚡ Cron Scheduler executing automated system report...","timestamp":"2026-06-13 00:38:00"}
{"level":"info","message":"📧 Notification email compiled and dispatched successfully.","timestamp":"2026-06-13 00:38:00"}
{"level":"info","message":"⚡ Cron Scheduler executing automated system report...","timestamp":"2026-06-13 00:39:00"}
{"level":"info","message":"⚡ Cron Scheduler executing automated system report...","timestamp":"2026-06-13 00:39:00"}
{"level":"info","message":"📧 Notification email compiled and dispatched successfully.","timestamp":"2026-06-13 00:39:00"}
{"level":"info","message":"📧 Notification email compiled and dispatched successfully.","timestamp":"2026-06-13 00:39:00"}
